INFO,2022-07-24 12:52:14,076,root,accessing non_premitive_fun class
INFO,2022-07-24 12:52:14,076,root,entering a function to print given data in a particular pattern
INFO,2022-07-24 12:52:14,076,root,entering a function to print given data in a particular pattern
INFO,2022-07-24 12:52:14,076,root,entering a function to extract all list entities
INFO,2022-07-24 12:52:14,076,root,[1, 2, 3, 4]
INFO,2022-07-24 12:52:14,076,root,['ineuron', 'data science ']
INFO,2022-07-24 12:52:14,076,root,entering a function to extract all dictionary entities
INFO,2022-07-24 12:52:14,076,root,{'k1': 'sudh', 'k2': 'ineuron', 'k3': 'kumar', 3: 6, 7: 8}
INFO,2022-07-24 12:52:14,076,root,entering a function to extract all tuple entities
INFO,2022-07-24 12:52:14,076,root,(2, 3, 4, 5, 6)
INFO,2022-07-24 12:52:14,077,root,(3, 4, 5, 6, 7)
INFO,2022-07-24 12:52:14,077,root,entering a function to extract all numerical values
INFO,2022-07-24 12:52:14,077,root,[1, 2, 3, 4, 2, 3, 4, 5, 6, 3, 4, 5, 6, 7, 45, 4, 5, 23, 3, 7, 6, 8]
INFO,2022-07-24 12:52:14,077,root,entering a function to extract sum of all numerical values
INFO,2022-07-24 12:52:14,077,root,156
INFO,2022-07-24 12:52:14,077,root,entering a function to extract odd numbers
INFO,2022-07-24 12:52:14,077,root,[1, 3, 3, 5, 3, 5, 7, 45, 5, 23, 3, 7]
INFO,2022-07-24 12:52:14,077,root,entering a function to extract particular string
INFO,2022-07-24 12:52:14,077,root,from nested tuple/set/list
INFO,2022-07-24 12:52:14,077,root,ineuron
INFO,2022-07-24 12:52:14,077,root,from nested dict values
INFO,2022-07-24 12:52:14,077,root,ineuron
INFO,2022-07-24 12:52:14,077,root,entering a function which finds out number of occurences of all data
INFO,2022-07-24 12:52:14,077,root,[1, 2, 3, 4, 2, 3, 4, 5, 6, 3, 4, 5, 6, 7, 45, 4, 5, 23, 'ineuron', 'data science ', 'k1', 'k2', 'k3', 3, 7, 'sudh', 'ineuron', 'kumar', 6, 8]
INFO,2022-07-24 12:52:14,077,root,element is 1
INFO,2022-07-24 12:52:14,077,root,count of the element is 1
INFO,2022-07-24 12:52:14,077,root,element is 2
INFO,2022-07-24 12:52:14,077,root,count of the element is 2
INFO,2022-07-24 12:52:14,077,root,element is 3
INFO,2022-07-24 12:52:14,077,root,count of the element is 4
INFO,2022-07-24 12:52:14,077,root,element is 4
INFO,2022-07-24 12:52:14,078,root,count of the element is 4
INFO,2022-07-24 12:52:14,078,root,element is 2
INFO,2022-07-24 12:52:14,078,root,count of the element is 2
INFO,2022-07-24 12:52:14,078,root,element is 3
INFO,2022-07-24 12:52:14,078,root,count of the element is 4
INFO,2022-07-24 12:52:14,078,root,element is 4
INFO,2022-07-24 12:52:14,078,root,count of the element is 4
INFO,2022-07-24 12:52:14,078,root,element is 5
INFO,2022-07-24 12:52:14,078,root,count of the element is 3
INFO,2022-07-24 12:52:14,078,root,element is 6
INFO,2022-07-24 12:52:14,078,root,count of the element is 3
INFO,2022-07-24 12:52:14,078,root,element is 3
INFO,2022-07-24 12:52:14,078,root,count of the element is 4
INFO,2022-07-24 12:52:14,078,root,element is 4
INFO,2022-07-24 12:52:14,078,root,count of the element is 4
INFO,2022-07-24 12:52:14,078,root,element is 5
INFO,2022-07-24 12:52:14,078,root,count of the element is 3
INFO,2022-07-24 12:52:14,078,root,element is 6
INFO,2022-07-24 12:52:14,078,root,count of the element is 3
INFO,2022-07-24 12:52:14,078,root,element is 7
INFO,2022-07-24 12:52:14,078,root,count of the element is 2
INFO,2022-07-24 12:52:14,078,root,element is 45
INFO,2022-07-24 12:52:14,079,root,count of the element is 1
INFO,2022-07-24 12:52:14,079,root,element is 4
INFO,2022-07-24 12:52:14,079,root,count of the element is 4
INFO,2022-07-24 12:52:14,079,root,element is 5
INFO,2022-07-24 12:52:14,079,root,count of the element is 3
INFO,2022-07-24 12:52:14,079,root,element is 23
INFO,2022-07-24 12:52:14,079,root,count of the element is 1
INFO,2022-07-24 12:52:14,079,root,element is ineuron
INFO,2022-07-24 12:52:14,079,root,count of the element is 2
INFO,2022-07-24 12:52:14,079,root,element is data science 
INFO,2022-07-24 12:52:14,079,root,count of the element is 1
INFO,2022-07-24 12:52:14,079,root,element is k1
INFO,2022-07-24 12:52:14,079,root,count of the element is 1
INFO,2022-07-24 12:52:14,079,root,element is k2
INFO,2022-07-24 12:52:14,079,root,count of the element is 1
INFO,2022-07-24 12:52:14,079,root,element is k3
INFO,2022-07-24 12:52:14,079,root,count of the element is 1
INFO,2022-07-24 12:52:14,079,root,element is 3
INFO,2022-07-24 12:52:14,079,root,count of the element is 4
INFO,2022-07-24 12:52:14,079,root,element is 7
INFO,2022-07-24 12:52:14,080,root,count of the element is 2
INFO,2022-07-24 12:52:14,080,root,element is sudh
INFO,2022-07-24 12:52:14,080,root,count of the element is 1
INFO,2022-07-24 12:52:14,080,root,element is ineuron
INFO,2022-07-24 12:52:14,080,root,count of the element is 2
INFO,2022-07-24 12:52:14,080,root,element is kumar
INFO,2022-07-24 12:52:14,080,root,count of the element is 1
INFO,2022-07-24 12:52:14,080,root,element is 6
INFO,2022-07-24 12:52:14,080,root,count of the element is 3
INFO,2022-07-24 12:52:14,080,root,element is 8
INFO,2022-07-24 12:52:14,080,root,count of the element is 1
INFO,2022-07-24 12:52:14,080,root,entering a function which finds out number of dictionary keys
INFO,2022-07-24 12:52:14,080,root,dict keys: ['k1', 'k2', 'k3', 3, 7]
INFO,2022-07-24 12:52:14,080,root,count of keys:5
INFO,2022-07-24 12:52:14,080,root,entering a function to extract all string data
INFO,2022-07-24 12:52:14,080,root,['ineuron', 'data science ', 'k1', 'k2', 'k3', 'sudh', 'ineuron', 'kumar']
INFO,2022-07-24 12:52:14,080,root,entering a function to extract alphanumeric strings
INFO,2022-07-24 12:52:14,081,root,['ineuron', 'k1', 'k2', 'k3', 'sudh', 'ineuron', 'kumar']
INFO,2022-07-24 12:52:14,081,root,entering a fuction to find the multiplication of each collection like list/tuple/set/dict
INFO,2022-07-24 12:52:14,081,root,<class 'list'>
INFO,2022-07-24 12:52:14,081,root,24
INFO,2022-07-24 12:52:14,081,root,<class 'tuple'>
INFO,2022-07-24 12:52:14,081,root,720
INFO,2022-07-24 12:52:14,081,root,<class 'tuple'>
INFO,2022-07-24 12:52:14,081,root,2520
INFO,2022-07-24 12:52:14,081,root,<class 'set'>
INFO,2022-07-24 12:52:14,081,root,20700
INFO,2022-07-24 12:52:14,081,root,[3, 6, 7, 8]
INFO,2022-07-24 12:52:14,081,root,<class 'dict'>
INFO,2022-07-24 12:52:14,081,root,1008
INFO,2022-07-24 12:52:14,081,root,<class 'list'>
INFO,2022-07-24 12:52:14,081,root,no numbers present
INFO,2022-07-24 12:52:14,081,root,entering a function which unwaraps all entinties from list/tuple/set/dictionary collection
INFO,2022-07-24 12:52:14,081,root,[1, 2, 3, 4, 2, 3, 4, 5, 6, 3, 4, 5, 6, 7, 45, 4, 5, 23, 'k1', 'k2', 'k3', 3, 7, 'sudh', 'ineuron', 'kumar', 6, 8, 'ineuron', 'data science ']
